app/build/intermediates/manifest_merge_blame_file/release/manifest-merger-blame-release-report.txt
1<?xml version="1.0" encoding="utf-8"?>
2<manifest xmlns:android="http://schemas.android.com/apk/res/android"
3    package="com.progmoblanjut.eventteknik"
4    android:versionCode="1"
5    android:versionName="1.0" >
6
7    <uses-sdk
8        android:minSdkVersion="28"
8-->src\main\AndroidManifest.xml
9        android:targetSdkVersion="30" />
9-->src\main\AndroidManifest.xml
10
11    <application
11-->src\main\AndroidManifest.xml:5:5-31:19
12        android:allowBackup="true"
12-->src\main\AndroidManifest.xml:6:9-35
13        android:appComponentFactory="androidx.core.app.CoreComponentFactory"
13-->[androidx.core:core:1.3.1] AndroidManifest.xml:24:18-86
14        android:extractNativeLibs="false"
15        android:icon="@mipmap/ic_launcher"
15-->src\main\AndroidManifest.xml:7:9-43
16        android:label="@string/app_name"
16-->src\main\AndroidManifest.xml:8:9-41
17        android:roundIcon="@mipmap/ic_launcher_round"
17-->src\main\AndroidManifest.xml:9:9-54
18        android:supportsRtl="true"
18-->src\main\AndroidManifest.xml:10:9-35
19        android:testOnly="true"
20        android:theme="@style/Theme.EventTeknik.TransparentTheme" >
20-->src\main\AndroidManifest.xml:11:9-66
21        <activity android:name="com.progmoblanjut.eventteknik.TambahKoordinatorAnggotaActivity" />
21-->src\main\AndroidManifest.xml:12:9-69
21-->src\main\AndroidManifest.xml:12:19-67
22        <activity android:name="com.progmoblanjut.eventteknik.EditKoordinatorAnggotaActivity" />
22-->src\main\AndroidManifest.xml:13:9-67
22-->src\main\AndroidManifest.xml:13:19-65
23        <activity android:name="com.progmoblanjut.eventteknik.TambahPanitiaIntiActivity" />
23-->src\main\AndroidManifest.xml:14:9-72
23-->src\main\AndroidManifest.xml:14:19-60
24        <activity android:name="com.progmoblanjut.eventteknik.EditPanitiaIntiActivity" />
24-->src\main\AndroidManifest.xml:15:9-61
24-->src\main\AndroidManifest.xml:15:19-58
25        <activity android:name="com.progmoblanjut.eventteknik.KoordinatorAnggotaActivity" />
25-->src\main\AndroidManifest.xml:16:9-64
25-->src\main\AndroidManifest.xml:16:19-61
26        <activity android:name="com.progmoblanjut.eventteknik.IntiPanitiaActivity" />
26-->src\main\AndroidManifest.xml:17:9-57
26-->src\main\AndroidManifest.xml:17:19-54
27        <activity android:name="com.progmoblanjut.eventteknik.PanitiaActivity" />
27-->src\main\AndroidManifest.xml:18:9-53
27-->src\main\AndroidManifest.xml:18:19-50
28        <activity android:name="com.progmoblanjut.eventteknik.StartActivity" >
28-->src\main\AndroidManifest.xml:19:9-25:20
28-->src\main\AndroidManifest.xml:19:19-48
29            <intent-filter>
29-->src\main\AndroidManifest.xml:20:13-24:29
30                <action android:name="android.intent.action.MAIN" />
30-->src\main\AndroidManifest.xml:21:17-69
30-->src\main\AndroidManifest.xml:21:25-66
31
32                <category android:name="android.intent.category.LAUNCHER" />
32-->src\main\AndroidManifest.xml:23:17-77
32-->src\main\AndroidManifest.xml:23:27-74
33            </intent-filter>
34        </activity>
35        <activity android:name="com.progmoblanjut.eventteknik.LoginActivity" />
35-->src\main\AndroidManifest.xml:26:9-51
35-->src\main\AndroidManifest.xml:26:19-48
36        <activity android:name="com.progmoblanjut.eventteknik.RegisterActivity" />
36-->src\main\AndroidManifest.xml:27:9-54
36-->src\main\AndroidManifest.xml:27:19-51
37        <activity android:name="com.progmoblanjut.eventteknik.EditEventActivity" />
37-->src\main\AndroidManifest.xml:28:9-55
37-->src\main\AndroidManifest.xml:28:19-52
38        <activity android:name="com.progmoblanjut.eventteknik.TambahEventActivity" />
38-->src\main\AndroidManifest.xml:29:9-57
38-->src\main\AndroidManifest.xml:29:19-54
39        <activity android:name="com.progmoblanjut.eventteknik.MainActivity" />
39-->src\main\AndroidManifest.xml:30:9-50
39-->src\main\AndroidManifest.xml:30:19-47
40    </application>
41
42</manifest>